<?xml version="1.0" encoding="UTF-8"?>
<!-- Generated by org.testng.reporters.JUnitReportReporter -->
<testsuite hostname="Vinayak" failures="0" tests="1" name="JavaPrograms.testNGAnnotations" time="0.008" errors="0" timestamp="2022-05-23T20:47:16 IST" skipped="0">
  <testcase classname="JavaPrograms.testNGAnnotations" name="testCase1" time="0.008"/>
  <system-out/>
</testsuite> <!-- JavaPrograms.testNGAnnotations -->
