<?xml version="1.0" encoding="UTF-8"?>
<!-- Generated by org.testng.reporters.JUnitReportReporter -->
<testsuite hostname="LAPTOP-68V86FCM" failures="0" tests="6" name="remotePC.qa.testcases.SignupPageRPCTest" time="45.749" errors="0" timestamp="2021-06-12T15:11:06 IST" skipped="0">
  <testcase classname="remotePC.qa.testcases.SignupPageRPCTest" name="submitSignup" time="5.198"/>
  <system-out/>
  <testcase classname="remotePC.qa.testcases.SignupPageRPCTest" name="ValidSignup" time="16.941"/>
  <system-out/>
  <testcase classname="remotePC.qa.testcases.SignupPageRPCTest" name="ValidateSignupPage" time="3.993"/>
  <system-out/>
  <testcase classname="remotePC.qa.testcases.SignupPageRPCTest" name="Consumer1YearPlan" time="5.537"/>
  <system-out/>
  <testcase classname="remotePC.qa.testcases.SignupPageRPCTest" name="Validfirstname" time="4.099"/>
  <system-out/>
  <testcase classname="remotePC.qa.testcases.SignupPageRPCTest" name="ValidLastName" time="9.981"/>
  <system-out/>
</testsuite> <!-- remotePC.qa.testcases.SignupPageRPCTest -->
