<?xml version="1.0" encoding="UTF-8"?>
<!-- Generated by org.testng.reporters.JUnitReportReporter -->
<testsuite hostname="LAPTOP-68V86FCM" failures="0" tests="1" name="remotePC.qa.testcases.LoginPageRPCTest" time="27.793" errors="0" timestamp="2021-06-12T15:37:32 IST" skipped="0">
  <testcase classname="remotePC.qa.testcases.LoginPageRPCTest" name="SignupRedirection" time="27.793"/>
  <system-out/>
</testsuite> <!-- remotePC.qa.testcases.LoginPageRPCTest -->
