<?xml version="1.0" encoding="UTF-8"?>
<!-- Generated by org.testng.reporters.JUnitReportReporter -->
<testsuite hostname="Vinayak" failures="0" tests="1" name="remotePC.qa.testcases.LoginPageRPCTest" time="7.869" errors="0" timestamp="2022-05-17T19:20:18 IST" skipped="0">
  <testcase classname="remotePC.qa.testcases.LoginPageRPCTest" name="ValidateLoginPage" time="7.869"/>
  <system-out/>
</testsuite> <!-- remotePC.qa.testcases.LoginPageRPCTest -->
